TN:
SF:client/src/components/gsap-animations.tsx
FN:38,(anonymous_0)
FN:49,(anonymous_1)
FN:57,(anonymous_2)
FN:58,(anonymous_3)
FN:75,(anonymous_4)
FN:76,(anonymous_5)
FN:98,(anonymous_6)
FN:99,(anonymous_7)
FN:116,(anonymous_8)
FN:117,(anonymous_9)
FN:127,registerGSAPPlugins
FN:133,useTextReveal
FN:134,(anonymous_12)
FN:168,(anonymous_13)
FN:175,useZoomFocus
FN:176,(anonymous_15)
FN:194,(anonymous_16)
FN:201,useParallaxEffect
FN:202,(anonymous_18)
FN:217,(anonymous_19)
FN:224,useStaggerCards
FN:225,(anonymous_21)
FN:246,(anonymous_22)
FN:253,useTypingEffect
FN:257,(anonymous_24)
FN:262,(anonymous_25)
FN:264,(anonymous_26)
FN:272,(anonymous_27)
FN:279,useCountUp
FN:283,(anonymous_29)
FN:298,(anonymous_30)
FN:307,useGSAPScrollTrigger
FN:308,(anonymous_32)
FN:313,(anonymous_33)
FN:322,useAdvancedTextReveal
FN:335,(anonymous_35)
FN:400,(anonymous_36)
FN:456,(anonymous_37)
FN:465,(anonymous_38)
FN:490,(anonymous_39)
FN:505,useFloatingElement
FN:516,(anonymous_41)
FN:546,(anonymous_42)
FN:553,useMorphSVG
FN:564,(anonymous_44)
FN:591,(anonymous_45)
FN:598,useMouseFollowEffect
FN:609,(anonymous_47)
FN:620,(anonymous_48)
FN:644,(anonymous_49)
FN:654,(anonymous_50)
FN:662,useSplitTextAnimation
FN:685,(anonymous_52)
FN:736,(anonymous_53)
FN:747,useShakeEffect
FN:760,(anonymous_55)
FN:767,(anonymous_56)
FN:809,(anonymous_57)
FN:814,(anonymous_58)
FN:821,(anonymous_59)
FN:834,(anonymous_60)
FN:835,(anonymous_61)
FN:836,(anonymous_62)
FN:837,(anonymous_63)
FN:846,(anonymous_64)
FN:857,(anonymous_65)
FNF:66
FNH:0
FNDA:0,(anonymous_0)
FNDA:0,(anonymous_1)
FNDA:0,(anonymous_2)
FNDA:0,(anonymous_3)
FNDA:0,(anonymous_4)
FNDA:0,(anonymous_5)
FNDA:0,(anonymous_6)
FNDA:0,(anonymous_7)
FNDA:0,(anonymous_8)
FNDA:0,(anonymous_9)
FNDA:0,registerGSAPPlugins
FNDA:0,useTextReveal
FNDA:0,(anonymous_12)
FNDA:0,(anonymous_13)
FNDA:0,useZoomFocus
FNDA:0,(anonymous_15)
FNDA:0,(anonymous_16)
FNDA:0,useParallaxEffect
FNDA:0,(anonymous_18)
FNDA:0,(anonymous_19)
FNDA:0,useStaggerCards
FNDA:0,(anonymous_21)
FNDA:0,(anonymous_22)
FNDA:0,useTypingEffect
FNDA:0,(anonymous_24)
FNDA:0,(anonymous_25)
FNDA:0,(anonymous_26)
FNDA:0,(anonymous_27)
FNDA:0,useCountUp
FNDA:0,(anonymous_29)
FNDA:0,(anonymous_30)
FNDA:0,useGSAPScrollTrigger
FNDA:0,(anonymous_32)
FNDA:0,(anonymous_33)
FNDA:0,useAdvancedTextReveal
FNDA:0,(anonymous_35)
FNDA:0,(anonymous_36)
FNDA:0,(anonymous_37)
FNDA:0,(anonymous_38)
FNDA:0,(anonymous_39)
FNDA:0,useFloatingElement
FNDA:0,(anonymous_41)
FNDA:0,(anonymous_42)
FNDA:0,useMorphSVG
FNDA:0,(anonymous_44)
FNDA:0,(anonymous_45)
FNDA:0,useMouseFollowEffect
FNDA:0,(anonymous_47)
FNDA:0,(anonymous_48)
FNDA:0,(anonymous_49)
FNDA:0,(anonymous_50)
FNDA:0,useSplitTextAnimation
FNDA:0,(anonymous_52)
FNDA:0,(anonymous_53)
FNDA:0,useShakeEffect
FNDA:0,(anonymous_55)
FNDA:0,(anonymous_56)
FNDA:0,(anonymous_57)
FNDA:0,(anonymous_58)
FNDA:0,(anonymous_59)
FNDA:0,(anonymous_60)
FNDA:0,(anonymous_61)
FNDA:0,(anonymous_62)
FNDA:0,(anonymous_63)
FNDA:0,(anonymous_64)
FNDA:0,(anonymous_65)
DA:1,0
DA:2,0
DA:3,0
DA:6,0
DA:31,0
DA:33,0
DA:34,0
DA:35,0
DA:36,0
DA:39,0
DA:40,0
DA:41,0
DA:42,0
DA:43,0
DA:44,0
DA:46,0
DA:49,0
DA:51,0
DA:52,0
DA:53,0
DA:58,0
DA:59,0
DA:60,0
DA:62,0
DA:63,0
DA:64,0
DA:65,0
DA:66,0
DA:67,0
DA:68,0
DA:69,0
DA:76,0
DA:77,0
DA:78,0
DA:79,0
DA:81,0
DA:82,0
DA:83,0
DA:84,0
DA:85,0
DA:87,0
DA:88,0
DA:89,0
DA:92,0
DA:99,0
DA:100,0
DA:101,0
DA:102,0
DA:104,0
DA:105,0
DA:106,0
DA:107,0
DA:108,0
DA:109,0
DA:110,0
DA:117,0
DA:118,0
DA:120,0
DA:121,0
DA:122,0
DA:127,0
DA:129,0
DA:133,0
DA:134,0
DA:135,0
DA:138,0
DA:139,0
DA:140,0
DA:143,0
DA:146,0
DA:153,0
DA:161,0
DA:168,0
DA:169,0
DA:175,0
DA:176,0
DA:177,0
DA:179,0
DA:188,0
DA:194,0
DA:195,0
DA:201,0
DA:202,0
DA:203,0
DA:206,0
DA:217,0
DA:224,0
DA:225,0
DA:226,0
DA:228,0
DA:230,0
DA:246,0
DA:253,0
DA:254,0
DA:255,0
DA:257,0
DA:258,0
DA:259,0
DA:260,0
DA:262,0
DA:263,0
DA:264,0
DA:265,0
DA:267,0
DA:268,0
DA:272,0
DA:275,0
DA:279,0
DA:280,0
DA:281,0
DA:283,0
DA:284,0
DA:286,0
DA:298,0
DA:303,0
DA:307,0
DA:308,0
DA:311,0
DA:313,0
DA:322,0
DA:333,0
DA:335,0
DA:336,0
DA:339,0
DA:344,0
DA:350,0
DA:355,0
DA:356,0
DA:357,0
DA:358,0
DA:359,0
DA:360,0
DA:361,0
DA:362,0
DA:363,0
DA:364,0
DA:365,0
DA:370,0
DA:379,0
DA:381,0
DA:396,0
DA:400,0
DA:401,0
DA:420,0
DA:421,0
DA:431,0
DA:435,0
DA:439,0
DA:440,0
DA:441,0
DA:442,0
DA:443,0
DA:444,0
DA:445,0
DA:448,0
DA:456,0
DA:457,0
DA:465,0
DA:466,0
DA:467,0
DA:468,0
DA:474,0
DA:477,0
DA:487,0
DA:490,0
DA:491,0
DA:492,0
DA:493,0
DA:496,0
DA:497,0
DA:498,0
DA:505,0
DA:514,0
DA:516,0
DA:517,0
DA:520,0
DA:523,0
DA:534,0
DA:535,0
DA:546,0
DA:547,0
DA:553,0
DA:562,0
DA:564,0
DA:565,0
DA:567,0
DA:568,0
DA:570,0
DA:576,0
DA:577,0
DA:585,0
DA:591,0
DA:592,0
DA:598,0
DA:607,0
DA:609,0
DA:610,0
DA:612,0
DA:613,0
DA:614,0
DA:615,0
DA:616,0
DA:620,0
DA:622,0
DA:623,0
DA:626,0
DA:627,0
DA:628,0
DA:629,0
DA:635,0
DA:640,0
DA:644,0
DA:645,0
DA:646,0
DA:650,0
DA:651,0
DA:654,0
DA:655,0
DA:656,0
DA:662,0
DA:681,0
DA:683,0
DA:685,0
DA:686,0
DA:689,0
DA:694,0
DA:695,0
DA:697,0
DA:698,0
DA:700,0
DA:701,0
DA:703,0
DA:704,0
DA:708,0
DA:719,0
DA:731,0
DA:732,0
DA:736,0
DA:737,0
DA:738,0
DA:739,0
DA:740,0
DA:747,0
DA:758,0
DA:760,0
DA:761,0
DA:764,0
DA:767,0
DA:769,0
DA:772,0
DA:775,0
DA:776,0
DA:777,0
DA:778,0
DA:781,0
DA:791,0
DA:799,0
DA:803,0
DA:808,0
DA:809,0
DA:810,0
DA:811,0
DA:814,0
DA:815,0
DA:818,0
DA:819,0
DA:821,0
DA:822,0
DA:823,0
DA:824,0
DA:826,0
DA:829,0
DA:830,0
DA:834,0
DA:835,0
DA:836,0
DA:837,0
DA:841,0
DA:846,0
DA:847,0
DA:848,0
DA:849,0
DA:855,0
DA:857,0
DA:858,0
LF:285
LH:0
BRDA:38,0,0,0
BRDA:39,1,0,0
BRDA:39,1,1,0
BRDA:41,2,0,0
BRDA:41,2,1,0
BRDA:43,3,0,0
BRDA:43,3,1,0
BRDA:51,4,0,0
BRDA:51,4,1,0
BRDA:51,5,0,0
BRDA:51,5,1,0
BRDA:51,6,0,0
BRDA:51,6,1,0
BRDA:52,7,0,0
BRDA:52,7,1,0
BRDA:52,8,0,0
BRDA:52,8,1,0
BRDA:52,9,0,0
BRDA:52,9,1,0
BRDA:53,10,0,0
BRDA:53,10,1,0
BRDA:53,11,0,0
BRDA:53,11,1,0
BRDA:53,12,0,0
BRDA:53,12,1,0
BRDA:67,13,0,0
BRDA:67,13,1,0
BRDA:88,14,0,0
BRDA:88,14,1,0
BRDA:133,15,0,0
BRDA:135,16,0,0
BRDA:135,16,1,0
BRDA:175,17,0,0
BRDA:177,18,0,0
BRDA:177,18,1,0
BRDA:201,19,0,0
BRDA:203,20,0,0
BRDA:203,20,1,0
BRDA:224,21,0,0
BRDA:226,22,0,0
BRDA:226,22,1,0
BRDA:253,23,0,0
BRDA:263,24,0,0
BRDA:263,24,1,0
BRDA:279,25,0,0
BRDA:279,26,0,0
BRDA:284,27,0,0
BRDA:284,27,1,0
BRDA:322,28,0,0
BRDA:329,29,0,0
BRDA:330,30,0,0
BRDA:331,31,0,0
BRDA:332,32,0,0
BRDA:336,33,0,0
BRDA:336,33,1,0
BRDA:356,34,0,0
BRDA:356,34,1,0
BRDA:358,35,0,0
BRDA:358,35,1,0
BRDA:364,36,0,0
BRDA:364,36,1,0
BRDA:365,37,0,0
BRDA:365,37,1,0
BRDA:371,38,0,0
BRDA:371,38,1,0
BRDA:379,39,0,0
BRDA:379,39,1,0
BRDA:379,39,2,0
BRDA:379,39,3,0
BRDA:420,40,0,0
BRDA:420,40,1,0
BRDA:466,41,0,0
BRDA:466,41,1,0
BRDA:492,42,0,0
BRDA:492,42,1,0
BRDA:496,43,0,0
BRDA:496,43,1,0
BRDA:496,44,0,0
BRDA:496,44,1,0
BRDA:498,45,0,0
BRDA:498,45,1,0
BRDA:505,46,0,0
BRDA:511,47,0,0
BRDA:512,48,0,0
BRDA:513,49,0,0
BRDA:517,50,0,0
BRDA:517,50,1,0
BRDA:534,51,0,0
BRDA:534,51,1,0
BRDA:553,52,0,0
BRDA:559,53,0,0
BRDA:560,54,0,0
BRDA:561,55,0,0
BRDA:565,56,0,0
BRDA:565,56,1,0
BRDA:565,57,0,0
BRDA:565,57,1,0
BRDA:567,58,0,0
BRDA:567,58,1,0
BRDA:598,59,0,0
BRDA:604,60,0,0
BRDA:605,61,0,0
BRDA:606,62,0,0
BRDA:610,63,0,0
BRDA:610,63,1,0
BRDA:626,64,0,0
BRDA:626,64,1,0
BRDA:662,65,0,0
BRDA:673,66,0,0
BRDA:674,67,0,0
BRDA:675,68,0,0
BRDA:676,69,0,0
BRDA:677,70,0,0
BRDA:678,71,0,0
BRDA:679,72,0,0
BRDA:680,73,0,0
BRDA:686,74,0,0
BRDA:686,74,1,0
BRDA:695,75,0,0
BRDA:695,75,1,0
BRDA:695,75,2,0
BRDA:711,76,0,0
BRDA:711,76,1,0
BRDA:731,77,0,0
BRDA:731,77,1,0
BRDA:738,78,0,0
BRDA:738,78,1,0
BRDA:747,79,0,0
BRDA:754,80,0,0
BRDA:755,81,0,0
BRDA:756,82,0,0
BRDA:757,83,0,0
BRDA:761,84,0,0
BRDA:761,84,1,0
BRDA:778,85,0,0
BRDA:778,85,1,0
BRDA:808,86,0,0
BRDA:808,86,1,0
BRDA:822,87,0,0
BRDA:822,87,1,0
BRDA:829,88,0,0
BRDA:829,88,1,0
BRDA:848,89,0,0
BRDA:848,89,1,0
BRDA:848,90,0,0
BRDA:848,90,1,0
BRF:146
BRH:0
end_of_record
TN:
SF:client/src/components/ui/aspect-ratio.tsx
FNF:0
FNH:0
DA:1,0
DA:3,0
DA:5,0
LF:3
LH:0
BRF:0
BRH:0
end_of_record
TN:
SF:client/src/components/ui/collapsible.tsx
FNF:0
FNH:0
DA:1,0
DA:3,0
DA:5,0
DA:7,0
DA:9,0
LF:5
LH:0
BRF:0
BRH:0
end_of_record
TN:
SF:client/src/hooks/use-mobile.tsx
FN:3,useIsMobile
FN:6,(anonymous_1)
FN:8,handleResize
FN:20,(anonymous_3)
FNF:4
FNH:0
FNDA:0,useIsMobile
FNDA:0,(anonymous_1)
FNDA:0,handleResize
FNDA:0,(anonymous_3)
DA:1,0
DA:3,0
DA:4,0
DA:6,0
DA:10,0
DA:14,0
DA:17,0
DA:20,0
DA:23,0
LF:9
LH:0
BRF:0
BRH:0
end_of_record
TN:
SF:client/src/hooks/use-reactive-stats.tsx
FN:34,useReactiveStats
FN:57,(anonymous_1)
FN:64,(anonymous_2)
FN:78,(anonymous_3)
FN:79,(anonymous_4)
FN:83,(anonymous_5)
FN:84,(anonymous_6)
FN:88,(anonymous_7)
FN:92,(anonymous_8)
FN:104,(anonymous_9)
FN:115,(anonymous_10)
FN:122,(anonymous_11)
FN:125,(anonymous_12)
FN:138,(anonymous_13)
FN:148,(anonymous_14)
FNF:15
FNH:0
FNDA:0,useReactiveStats
FNDA:0,(anonymous_1)
FNDA:0,(anonymous_2)
FNDA:0,(anonymous_3)
FNDA:0,(anonymous_4)
FNDA:0,(anonymous_5)
FNDA:0,(anonymous_6)
FNDA:0,(anonymous_7)
FNDA:0,(anonymous_8)
FNDA:0,(anonymous_9)
FNDA:0,(anonymous_10)
FNDA:0,(anonymous_11)
FNDA:0,(anonymous_12)
FNDA:0,(anonymous_13)
FNDA:0,(anonymous_14)
DA:1,0
DA:2,0
DA:3,0
DA:34,0
DA:35,0
DA:36,0
DA:39,0
DA:40,0
DA:43,0
DA:50,0
DA:57,0
DA:58,0
DA:59,0
DA:60,0
DA:64,0
DA:65,0
DA:66,0
DA:68,0
DA:73,0
DA:78,0
DA:79,0
DA:83,0
DA:84,0
DA:88,0
DA:89,0
DA:92,0
DA:93,0
DA:94,0
DA:99,0
DA:100,0
DA:104,0
DA:105,0
DA:106,0
DA:110,0
DA:111,0
DA:115,0
DA:116,0
DA:117,0
DA:122,0
DA:123,0
DA:125,0
DA:126,0
DA:127,0
DA:132,0
DA:133,0
DA:137,0
DA:138,0
DA:139,0
DA:140,0
DA:148,0
DA:149,0
DA:150,0
DA:154,0
LF:53
LH:0
BRDA:58,0,0,0
BRDA:58,0,1,0
BRDA:65,1,0,0
BRDA:65,1,1,0
BRDA:69,2,0,0
BRDA:69,2,1,0
BRDA:70,3,0,0
BRDA:70,3,1,0
BRDA:71,4,0,0
BRDA:71,4,1,0
BRDA:79,5,0,0
BRDA:79,5,1,0
BRDA:84,6,0,0
BRDA:84,6,1,0
BRDA:93,7,0,0
BRDA:93,7,1,0
BRDA:105,8,0,0
BRDA:105,8,1,0
BRDA:126,9,0,0
BRDA:126,9,1,0
BRDA:137,10,0,0
BRDA:137,10,1,0
BRDA:139,11,0,0
BRDA:139,11,1,0
BRDA:155,12,0,0
BRDA:155,12,1,0
BRDA:155,12,2,0
BRDA:157,13,0,0
BRDA:157,13,1,0
BRF:29
BRH:0
end_of_record
TN:
SF:client/src/hooks/use-toast.ts
FN:27,genId
FN:58,(anonymous_8)
FN:63,(anonymous_9)
FN:74,(anonymous_10)
FN:85,(anonymous_11)
FN:98,(anonymous_12)
FN:105,(anonymous_13)
FN:124,(anonymous_14)
FN:133,dispatch
FN:135,(anonymous_16)
FN:142,toast
FN:145,(anonymous_18)
FN:150,(anonymous_19)
FN:158,(anonymous_20)
FN:171,useToast
FN:174,(anonymous_22)
FN:176,(anonymous_23)
FN:187,(anonymous_24)
FNF:18
FNH:0
FNDA:0,genId
FNDA:0,(anonymous_8)
FNDA:0,(anonymous_9)
FNDA:0,(anonymous_10)
FNDA:0,(anonymous_11)
FNDA:0,(anonymous_12)
FNDA:0,(anonymous_13)
FNDA:0,(anonymous_14)
FNDA:0,dispatch
FNDA:0,(anonymous_16)
FNDA:0,toast
FNDA:0,(anonymous_18)
FNDA:0,(anonymous_19)
FNDA:0,(anonymous_20)
FNDA:0,useToast
FNDA:0,(anonymous_22)
FNDA:0,(anonymous_23)
FNDA:0,(anonymous_24)
DA:1,0
DA:8,0
DA:9,0
DA:18,0
DA:25,0
DA:28,0
DA:29,0
DA:56,0
DA:58,0
DA:59,0
DA:60,0
DA:63,0
DA:64,0
DA:65,0
DA:71,0
DA:74,0
DA:75,0
DA:77,0
DA:83,0
DA:86,0
DA:91,0
DA:95,0
DA:96,0
DA:98,0
DA:99,0
DA:103,0
DA:106,0
DA:116,0
DA:117,0
DA:122,0
DA:124,0
DA:129,0
DA:131,0
DA:134,0
DA:135,0
DA:136,0
DA:142,0
DA:143,0
DA:145,0
DA:146,0
DA:150,0
DA:152,0
DA:159,0
DA:164,0
DA:172,0
DA:174,0
DA:175,0
DA:176,0
DA:177,0
DA:178,0
DA:179,0
DA:184,0
DA:187,0
DA:191,0
LF:54
LH:0
BRDA:59,0,0,0
BRDA:59,0,1,0
BRDA:75,1,0,0
BRDA:75,1,1,0
BRDA:75,1,2,0
BRDA:75,1,3,0
BRDA:86,2,0,0
BRDA:86,2,1,0
BRDA:95,3,0,0
BRDA:95,3,1,0
BRDA:106,4,0,0
BRDA:106,4,1,0
BRDA:106,5,0,0
BRDA:106,5,1,0
BRDA:116,6,0,0
BRDA:116,6,1,0
BRDA:159,7,0,0
BRDA:159,7,1,0
BRDA:178,8,0,0
BRDA:178,8,1,0
BRF:20
BRH:0
end_of_record
TN:
SF:client/src/hooks/useIdeaQuota.ts
FN:13,(anonymous_7)
FN:18,(anonymous_8)
FN:18,(anonymous_9)
FNF:3
FNH:0
FNDA:0,(anonymous_7)
FNDA:0,(anonymous_8)
FNDA:0,(anonymous_9)
DA:1,0
DA:2,0
DA:3,0
DA:5,0
DA:13,0
DA:14,0
DA:16,0
DA:18,0
DA:19,0
DA:20,0
DA:23,0
DA:24,0
DA:25,0
DA:27,0
DA:28,0
LF:15
LH:0
BRDA:17,0,0,0
BRDA:17,0,1,0
BRDA:17,1,0,0
BRDA:17,1,1,0
BRDA:19,2,0,0
BRDA:19,2,1,0
BRDA:24,3,0,0
BRDA:24,3,1,0
BRF:8
BRH:0
end_of_record
TN:
SF:client/src/lib/queryClient.ts
FN:3,throwIfResNotOk
FN:10,apiRequest
FN:11,(anonymous_10)
FN:53,(anonymous_11)
FN:54,(anonymous_12)
FN:54,(anonymous_13)
FNF:6
FNH:0
FNDA:0,throwIfResNotOk
FNDA:0,apiRequest
FNDA:0,(anonymous_10)
FNDA:0,(anonymous_11)
FNDA:0,(anonymous_12)
FNDA:0,(anonymous_13)
DA:1,0
DA:4,0
DA:5,0
DA:6,0
DA:10,0
DA:11,0
DA:18,0
DA:21,0
DA:24,0
DA:30,0
DA:32,0
DA:45,0
DA:46,0
DA:50,0
DA:53,0
DA:54,0
DA:55,0
DA:64,0
DA:65,0
DA:68,0
DA:69,0
DA:72,0
LF:22
LH:0
BRDA:4,0,0,0
BRDA:4,0,1,0
BRDA:5,1,0,0
BRDA:5,1,1,0
BRDA:12,2,0,0
BRDA:18,3,0,0
BRDA:18,4,0,0
BRDA:24,5,0,0
BRDA:24,5,1,0
BRDA:26,6,0,0
BRDA:26,6,1,0
BRDA:38,7,0,0
BRDA:38,7,1,0
BRDA:64,8,0,0
BRDA:64,8,1,0
BRDA:64,9,0,0
BRDA:64,9,1,0
BRF:17
BRH:0
end_of_record
TN:
SF:client/src/lib/utils.ts
FN:4,cn
FNF:1
FNH:1
FNDA:6,cn
DA:1,1
DA:2,1
DA:4,1
DA:5,6
LF:4
LH:4
BRF:0
BRH:0
end_of_record
TN:
SF:server/auth.ts
FN:23,hashPassword
FN:29,comparePasswords
FN:36,setupAuth
FN:64,(anonymous_14)
FN:64,(anonymous_15)
FN:78,(anonymous_16)
FN:79,(anonymous_17)
FN:79,(anonymous_18)
FN:88,(anonymous_19)
FN:88,(anonymous_20)
FN:110,(anonymous_21)
FN:116,(anonymous_22)
FN:134,(anonymous_23)
FN:135,(anonymous_24)
FN:144,(anonymous_25)
FN:156,(anonymous_26)
FN:173,(anonymous_27)
FN:174,(anonymous_28)
FN:180,(anonymous_29)
FN:204,(anonymous_30)
FN:204,(anonymous_31)
FN:219,(anonymous_32)
FN:250,(anonymous_33)
FN:250,(anonymous_34)
FN:285,(anonymous_35)
FN:285,(anonymous_36)
FN:310,(anonymous_37)
FN:310,(anonymous_38)
FNF:28
FNH:0
FNDA:0,hashPassword
FNDA:0,comparePasswords
FNDA:0,setupAuth
FNDA:0,(anonymous_14)
FNDA:0,(anonymous_15)
FNDA:0,(anonymous_16)
FNDA:0,(anonymous_17)
FNDA:0,(anonymous_18)
FNDA:0,(anonymous_19)
FNDA:0,(anonymous_20)
FNDA:0,(anonymous_21)
FNDA:0,(anonymous_22)
FNDA:0,(anonymous_23)
FNDA:0,(anonymous_24)
FNDA:0,(anonymous_25)
FNDA:0,(anonymous_26)
FNDA:0,(anonymous_27)
FNDA:0,(anonymous_28)
FNDA:0,(anonymous_29)
FNDA:0,(anonymous_30)
FNDA:0,(anonymous_31)
FNDA:0,(anonymous_32)
FNDA:0,(anonymous_33)
FNDA:0,(anonymous_34)
FNDA:0,(anonymous_35)
FNDA:0,(anonymous_36)
FNDA:0,(anonymous_37)
FNDA:0,(anonymous_38)
DA:1,0
DA:2,0
DA:4,0
DA:5,0
DA:6,0
DA:7,0
DA:8,0
DA:9,0
DA:10,0
DA:11,0
DA:12,0
DA:13,0
DA:21,0
DA:24,0
DA:25,0
DA:26,0
DA:30,0
DA:31,0
DA:32,0
DA:33,0
DA:36,0
DA:37,0
DA:39,0
DA:41,0
DA:56,0
DA:58,0
DA:59,0
DA:60,0
DA:61,0
DA:63,0
DA:64,0
DA:65,0
DA:66,0
DA:67,0
DA:68,0
DA:70,0
DA:73,0
DA:78,0
DA:79,0
DA:80,0
DA:81,0
DA:82,0
DA:84,0
DA:88,0
DA:89,0
DA:90,0
DA:91,0
DA:93,0
DA:94,0
DA:95,0
DA:98,0
DA:100,0
DA:108,0
DA:110,0
DA:111,0
DA:112,0
DA:113,0
DA:116,0
DA:117,0
DA:118,0
DA:119,0
DA:122,0
DA:126,0
DA:127,0
DA:128,0
DA:130,0
DA:134,0
DA:135,0
DA:136,0
DA:137,0
DA:140,0
DA:141,0
DA:144,0
DA:145,0
DA:146,0
DA:150,0
DA:152,0
DA:153,0
DA:156,0
DA:157,0
DA:158,0
DA:159,0
DA:163,0
DA:173,0
DA:174,0
DA:175,0
DA:176,0
DA:180,0
DA:181,0
DA:182,0
DA:183,0
DA:184,0
DA:186,0
DA:187,0
DA:188,0
DA:194,0
DA:197,0
DA:198,0
DA:204,0
DA:205,0
DA:206,0
DA:207,0
DA:210,0
DA:211,0
DA:213,0
DA:214,0
DA:215,0
DA:219,0
DA:220,0
DA:221,0
DA:225,0
DA:226,0
DA:229,0
DA:230,0
DA:231,0
DA:233,0
DA:238,0
DA:243,0
DA:250,0
DA:251,0
DA:252,0
DA:255,0
DA:256,0
DA:258,0
DA:264,0
DA:265,0
DA:267,0
DA:268,0
DA:270,0
DA:274,0
DA:275,0
DA:276,0
DA:278,0
DA:285,0
DA:286,0
DA:287,0
DA:290,0
DA:291,0
DA:292,0
DA:295,0
DA:306,0
DA:310,0
DA:311,0
DA:312,0
DA:315,0
DA:316,0
DA:317,0
DA:323,0
DA:324,0
DA:325,0
DA:331,0
DA:332,0
DA:335,0
DA:337,0
DA:341,0
DA:342,0
DA:343,0
DA:345,0
LF:158
LH:0
BRDA:37,0,0,0
BRDA:37,0,1,0
BRDA:67,1,0,0
BRDA:67,1,1,0
BRDA:67,2,0,0
BRDA:67,2,1,0
BRDA:94,3,0,0
BRDA:94,3,1,0
BRDA:104,4,0,0
BRDA:104,4,1,0
BRDA:111,5,0,0
BRDA:111,5,1,0
BRDA:117,6,0,0
BRDA:117,6,1,0
BRDA:126,7,0,0
BRDA:126,7,1,0
BRDA:136,8,0,0
BRDA:136,8,1,0
BRDA:140,9,0,0
BRDA:140,9,1,0
BRDA:145,10,0,0
BRDA:145,10,1,0
BRDA:157,11,0,0
BRDA:157,11,1,0
BRDA:175,12,0,0
BRDA:175,12,1,0
BRDA:186,13,0,0
BRDA:186,13,1,0
BRDA:194,14,0,0
BRDA:194,14,1,0
BRDA:194,15,0,0
BRDA:194,15,1,0
BRDA:206,16,0,0
BRDA:206,16,1,0
BRDA:214,17,0,0
BRDA:214,17,1,0
BRDA:220,18,0,0
BRDA:220,18,1,0
BRDA:229,19,0,0
BRDA:229,19,1,0
BRDA:256,20,0,0
BRDA:256,20,1,0
BRDA:259,21,0,0
BRDA:259,21,1,0
BRDA:271,22,0,0
BRDA:271,22,1,0
BRDA:275,23,0,0
BRDA:275,23,1,0
BRDA:279,24,0,0
BRDA:279,24,1,0
BRDA:287,25,0,0
BRDA:287,25,1,0
BRDA:291,26,0,0
BRDA:291,26,1,0
BRDA:292,27,0,0
BRDA:292,27,1,0
BRDA:316,28,0,0
BRDA:316,28,1,0
BRDA:316,29,0,0
BRDA:316,29,1,0
BRDA:318,30,0,0
BRDA:318,30,1,0
BRDA:324,31,0,0
BRDA:324,31,1,0
BRDA:326,32,0,0
BRDA:326,32,1,0
BRDA:338,33,0,0
BRDA:338,33,1,0
BRDA:342,34,0,0
BRDA:342,34,1,0
BRDA:346,35,0,0
BRDA:346,35,1,0
BRF:72
BRH:0
end_of_record
TN:
SF:server/database-storage.ts
FN:19,(anonymous_14)
FN:27,(anonymous_15)
FN:32,(anonymous_17)
FN:37,(anonymous_19)
FN:42,(anonymous_21)
FN:47,(anonymous_23)
FN:76,(anonymous_25)
FN:92,(anonymous_27)
FN:96,(anonymous_29)
FN:101,(anonymous_31)
FN:129,(anonymous_33)
FN:152,(anonymous_35)
FN:172,(anonymous_37)
FN:183,(anonymous_39)
FN:196,(anonymous_41)
FN:208,(anonymous_43)
FN:222,(anonymous_45)
FN:244,(anonymous_47)
FN:257,(anonymous_49)
FN:281,(anonymous_51)
FN:288,(anonymous_53)
FN:288,(anonymous_54)
FN:327,(anonymous_55)
FN:359,(anonymous_57)
FN:368,(anonymous_59)
FN:376,(anonymous_61)
FN:382,(anonymous_62)
FN:392,(anonymous_64)
FN:397,(anonymous_66)
FN:407,(anonymous_68)
FN:425,(anonymous_70)
FN:434,(anonymous_72)
FN:457,(anonymous_74)
FN:465,(anonymous_76)
FN:498,(anonymous_77)
FN:520,(anonymous_79)
FN:540,(anonymous_81)
FN:555,(anonymous_83)
FN:555,(anonymous_84)
FN:582,(anonymous_85)
FN:582,(anonymous_86)
FN:593,(anonymous_87)
FN:606,(anonymous_88)
FN:613,(anonymous_90)
FN:619,(anonymous_91)
FN:627,(anonymous_93)
FN:644,(anonymous_95)
FN:662,(anonymous_97)
FN:663,(anonymous_99)
FN:663,(anonymous_100)
FN:671,(anonymous_101)
FN:671,(anonymous_102)
FN:711,(anonymous_103)
FN:719,(anonymous_104)
FN:720,(anonymous_106)
FN:720,(anonymous_107)
FN:776,(anonymous_108)
FNF:57
FNH:0
FNDA:0,(anonymous_14)
FNDA:0,(anonymous_15)
FNDA:0,(anonymous_17)
FNDA:0,(anonymous_19)
FNDA:0,(anonymous_21)
FNDA:0,(anonymous_23)
FNDA:0,(anonymous_25)
FNDA:0,(anonymous_27)
FNDA:0,(anonymous_29)
FNDA:0,(anonymous_31)
FNDA:0,(anonymous_33)
FNDA:0,(anonymous_35)
FNDA:0,(anonymous_37)
FNDA:0,(anonymous_39)
FNDA:0,(anonymous_41)
FNDA:0,(anonymous_43)
FNDA:0,(anonymous_45)
FNDA:0,(anonymous_47)
FNDA:0,(anonymous_49)
FNDA:0,(anonymous_51)
FNDA:0,(anonymous_53)
FNDA:0,(anonymous_54)
FNDA:0,(anonymous_55)
FNDA:0,(anonymous_57)
FNDA:0,(anonymous_59)
FNDA:0,(anonymous_61)
FNDA:0,(anonymous_62)
FNDA:0,(anonymous_64)
FNDA:0,(anonymous_66)
FNDA:0,(anonymous_68)
FNDA:0,(anonymous_70)
FNDA:0,(anonymous_72)
FNDA:0,(anonymous_74)
FNDA:0,(anonymous_76)
FNDA:0,(anonymous_77)
FNDA:0,(anonymous_79)
FNDA:0,(anonymous_81)
FNDA:0,(anonymous_83)
FNDA:0,(anonymous_84)
FNDA:0,(anonymous_85)
FNDA:0,(anonymous_86)
FNDA:0,(anonymous_87)
FNDA:0,(anonymous_88)
FNDA:0,(anonymous_90)
FNDA:0,(anonymous_91)
FNDA:0,(anonymous_93)
FNDA:0,(anonymous_95)
FNDA:0,(anonymous_97)
FNDA:0,(anonymous_99)
FNDA:0,(anonymous_100)
FNDA:0,(anonymous_101)
FNDA:0,(anonymous_102)
FNDA:0,(anonymous_103)
FNDA:0,(anonymous_104)
FNDA:0,(anonymous_106)
FNDA:0,(anonymous_107)
FNDA:0,(anonymous_108)
DA:1,0
DA:7,0
DA:8,0
DA:9,0
DA:10,0
DA:11,0
DA:14,0
DA:16,0
DA:20,0
DA:28,0
DA:29,0
DA:33,0
DA:34,0
DA:38,0
DA:39,0
DA:43,0
DA:44,0
DA:49,0
DA:50,0
DA:53,0
DA:73,0
DA:77,0
DA:78,0
DA:84,0
DA:86,0
DA:87,0
DA:93,0
DA:97,0
DA:98,0
DA:102,0
DA:105,0
DA:118,0
DA:121,0
DA:124,0
DA:126,0
DA:130,0
DA:133,0
DA:147,0
DA:149,0
DA:154,0
DA:160,0
DA:162,0
DA:165,0
DA:166,0
DA:169,0
DA:174,0
DA:184,0
DA:193,0
DA:198,0
DA:201,0
DA:204,0
DA:210,0
DA:211,0
DA:216,0
DA:219,0
DA:224,0
DA:225,0
DA:228,0
DA:239,0
DA:241,0
DA:245,0
DA:253,0
DA:259,0
DA:265,0
DA:266,0
DA:267,0
DA:269,0
DA:282,0
DA:288,0
DA:290,0
DA:291,0
DA:292,0
DA:297,0
DA:298,0
DA:302,0
DA:323,0
DA:329,0
DA:330,0
DA:332,0
DA:333,0
DA:334,0
DA:337,0
DA:349,0
DA:350,0
DA:351,0
DA:353,0
DA:360,0
DA:365,0
DA:369,0
DA:374,0
DA:376,0
DA:383,0
DA:389,0
DA:393,0
DA:398,0
DA:404,0
DA:408,0
DA:409,0
DA:411,0
DA:422,0
DA:426,0
DA:431,0
DA:436,0
DA:441,0
DA:446,0
DA:450,0
DA:459,0
DA:460,0
DA:461,0
DA:465,0
DA:466,0
DA:473,0
DA:476,0
DA:487,0
DA:488,0
DA:490,0
DA:499,0
DA:507,0
DA:509,0
DA:512,0
DA:521,0
DA:532,0
DA:542,0
DA:544,0
DA:546,0
DA:547,0
DA:548,0
DA:550,0
DA:551,0
DA:555,0
DA:557,0
DA:566,0
DA:579,0
DA:582,0
DA:583,0
DA:593,0
DA:607,0
DA:613,0
DA:620,0
DA:624,0
DA:628,0
DA:638,0
DA:645,0
DA:654,0
DA:656,0
DA:663,0
DA:665,0
DA:667,0
DA:671,0
DA:673,0
DA:674,0
DA:675,0
DA:679,0
DA:684,0
DA:687,0
DA:710,0
DA:711,0
DA:720,0
DA:722,0
DA:727,0
DA:728,0
DA:732,0
DA:733,0
DA:737,0
DA:749,0
DA:757,0
DA:761,0
DA:766,0
DA:777,0
DA:786,0
DA:789,0
DA:801,0
LF:172
LH:0
BRDA:50,0,0,0
BRDA:50,0,1,0
BRDA:56,1,0,0
BRDA:56,1,1,0
BRDA:56,2,0,0
BRDA:56,2,1,0
BRDA:57,3,0,0
BRDA:57,3,1,0
BRDA:58,4,0,0
BRDA:58,4,1,0
BRDA:59,5,0,0
BRDA:59,5,1,0
BRDA:60,6,0,0
BRDA:60,6,1,0
BRDA:61,7,0,0
BRDA:61,7,1,0
BRDA:62,8,0,0
BRDA:62,8,1,0
BRDA:63,9,0,0
BRDA:63,9,1,0
BRDA:64,10,0,0
BRDA:64,10,1,0
BRDA:64,11,0,0
BRDA:64,11,1,0
BRDA:66,12,0,0
BRDA:66,12,1,0
BRDA:66,13,0,0
BRDA:66,13,1,0
BRDA:68,14,0,0
BRDA:68,14,1,0
BRDA:135,15,0,0
BRDA:135,15,1,0
BRDA:160,16,0,0
BRDA:160,16,1,0
BRDA:210,17,0,0
BRDA:210,17,1,0
BRDA:224,18,0,0
BRDA:224,18,1,0
BRDA:291,19,0,0
BRDA:291,19,1,0
BRDA:297,20,0,0
BRDA:297,20,1,0
BRDA:316,21,0,0
BRDA:316,21,1,0
BRDA:316,22,0,0
BRDA:316,22,1,0
BRDA:316,22,2,0
BRDA:333,23,0,0
BRDA:333,23,1,0
BRDA:333,24,0,0
BRDA:333,24,1,0
BRDA:333,25,0,0
BRDA:333,25,1,0
BRDA:349,26,0,0
BRDA:349,26,1,0
BRDA:350,27,0,0
BRDA:350,27,1,0
BRDA:374,28,0,0
BRDA:374,28,1,0
BRDA:451,29,0,0
BRDA:451,29,1,0
BRDA:451,30,0,0
BRDA:451,30,1,0
BRDA:451,31,0,0
BRDA:451,31,1,0
BRDA:452,32,0,0
BRDA:452,32,1,0
BRDA:452,33,0,0
BRDA:452,33,1,0
BRDA:452,34,0,0
BRDA:452,34,1,0
BRDA:453,35,0,0
BRDA:453,35,1,0
BRDA:453,36,0,0
BRDA:453,36,1,0
BRDA:453,37,0,0
BRDA:453,37,1,0
BRDA:460,38,0,0
BRDA:460,38,1,0
BRDA:473,39,0,0
BRDA:473,39,1,0
BRDA:487,40,0,0
BRDA:487,40,1,0
BRDA:488,41,0,0
BRDA:488,41,1,0
BRDA:507,42,0,0
BRDA:507,42,1,0
BRDA:546,43,0,0
BRDA:546,43,1,0
BRDA:574,44,0,0
BRDA:574,44,1,0
BRDA:582,45,0,0
BRDA:615,46,0,0
BRDA:615,46,1,0
BRDA:615,46,2,0
BRDA:654,47,0,0
BRDA:654,47,1,0
BRDA:658,48,0,0
BRDA:658,48,1,0
BRDA:658,48,2,0
BRDA:671,49,0,0
BRDA:671,50,0,0
BRDA:674,51,0,0
BRDA:674,51,1,0
BRDA:727,52,0,0
BRDA:727,52,1,0
BRDA:732,53,0,0
BRDA:732,53,1,0
BRDA:732,54,0,0
BRDA:732,54,1,0
BRDA:732,54,2,0
BRDA:769,55,0,0
BRDA:769,55,1,0
BRDA:769,56,0,0
BRDA:769,56,1,0
BRDA:769,57,0,0
BRDA:769,57,1,0
BRDA:770,58,0,0
BRDA:770,58,1,0
BRDA:770,59,0,0
BRDA:770,59,1,0
BRDA:770,60,0,0
BRDA:770,60,1,0
BRDA:781,61,0,0
BRDA:781,61,1,0
BRDA:786,62,0,0
BRDA:786,62,1,0
BRDA:804,63,0,0
BRDA:804,63,1,0
BRDA:804,64,0,0
BRDA:804,64,1,0
BRDA:804,65,0,0
BRDA:804,65,1,0
BRDA:805,66,0,0
BRDA:805,66,1,0
BRDA:805,67,0,0
BRDA:805,67,1,0
BRDA:805,68,0,0
BRDA:805,68,1,0
BRDA:806,69,0,0
BRDA:806,69,1,0
BRDA:806,70,0,0
BRDA:806,70,1,0
BRDA:806,71,0,0
BRDA:806,71,1,0
BRDA:807,72,0,0
BRDA:807,72,1,0
BRDA:807,73,0,0
BRDA:807,73,1,0
BRDA:807,74,0,0
BRDA:807,74,1,0
BRF:151
BRH:0
end_of_record
TN:
SF:server/db.ts
FNF:0
FNH:0
DA:1,0
DA:2,0
DA:3,0
DA:4,0
DA:6,0
DA:8,0
DA:9,0
DA:14,0
DA:15,0
LF:9
LH:0
BRDA:8,0,0,0
BRDA:8,0,1,0
BRF:2
BRH:0
end_of_record
TN:
SF:server/premium-middleware.ts
FN:7,requirePremiumAccess
FN:37,isPremiumOperation
FN:48,conditionalPremiumAccess
FNF:3
FNH:0
FNDA:0,requirePremiumAccess
FNDA:0,isPremiumOperation
FNDA:0,conditionalPremiumAccess
DA:2,0
DA:7,0
DA:8,0
DA:9,0
DA:16,0
DA:22,0
DA:23,0
DA:30,0
DA:37,0
DA:39,0
DA:42,0
DA:48,0
DA:49,0
DA:50,0
DA:53,0
LF:15
LH:0
BRDA:8,0,0,0
BRDA:8,0,1,0
BRDA:22,1,0,0
BRDA:22,1,1,0
BRDA:49,2,0,0
BRDA:49,2,1,0
BRF:6
BRH:0
end_of_record
TN:
SF:server/routes.ts
FN:14,registerRoutes
FN:21,(anonymous_17)
FN:21,(anonymous_18)
FN:54,(anonymous_19)
FN:54,(anonymous_20)
FN:95,(anonymous_21)
FN:95,(anonymous_22)
FN:115,(anonymous_23)
FN:115,(anonymous_24)
FN:135,(anonymous_25)
FN:135,(anonymous_26)
FN:197,(anonymous_27)
FN:197,(anonymous_28)
FN:219,(anonymous_29)
FN:219,(anonymous_30)
FN:239,(anonymous_31)
FN:239,(anonymous_32)
FN:261,(anonymous_33)
FN:261,(anonymous_34)
FN:282,(anonymous_35)
FN:282,(anonymous_36)
FN:293,(anonymous_37)
FN:314,(anonymous_38)
FN:314,(anonymous_39)
FN:334,(anonymous_40)
FN:334,(anonymous_41)
FN:372,(anonymous_42)
FN:388,(anonymous_43)
FN:388,(anonymous_44)
FN:426,(anonymous_45)
FN:440,(anonymous_46)
FN:440,(anonymous_47)
FN:484,(anonymous_48)
FN:484,(anonymous_49)
FN:537,(anonymous_50)
FN:549,(anonymous_51)
FN:549,(anonymous_52)
FN:571,(anonymous_53)
FN:571,(anonymous_54)
FN:587,(anonymous_55)
FN:587,(anonymous_56)
FN:623,(anonymous_57)
FN:623,(anonymous_58)
FN:643,(anonymous_59)
FN:643,(anonymous_60)
FN:659,(anonymous_61)
FN:678,(anonymous_62)
FN:678,(anonymous_63)
FN:766,(anonymous_64)
FN:766,(anonymous_65)
FN:789,(anonymous_66)
FN:789,(anonymous_67)
FN:813,(anonymous_68)
FN:813,(anonymous_69)
FN:875,(anonymous_70)
FN:890,(anonymous_71)
FN:890,(anonymous_72)
FN:915,(anonymous_73)
FN:915,(anonymous_74)
FN:974,(anonymous_75)
FN:985,(anonymous_76)
FN:985,(anonymous_77)
FN:1064,(anonymous_78)
FN:1075,(anonymous_79)
FN:1075,(anonymous_80)
FN:1112,(anonymous_81)
FN:1112,(anonymous_82)
FN:1186,(anonymous_83)
FN:1198,(anonymous_84)
FN:1198,(anonymous_85)
FN:1233,(anonymous_86)
FN:1233,(anonymous_87)
FN:1278,(anonymous_88)
FN:1302,(anonymous_89)
FN:1370,(anonymous_90)
FN:1370,(anonymous_91)
FN:1419,(anonymous_92)
FN:1419,(anonymous_93)
FN:1478,(anonymous_94)
FN:1478,(anonymous_95)
FN:1515,(anonymous_96)
FN:1515,(anonymous_97)
FN:1582,(anonymous_98)
FN:1582,(anonymous_99)
FN:1612,(anonymous_100)
FN:1612,(anonymous_101)
FN:1740,(anonymous_102)
FN:1740,(anonymous_103)
FN:1761,(anonymous_104)
FN:1761,(anonymous_105)
FN:1775,(anonymous_106)
FN:1806,(anonymous_107)
FN:1806,(anonymous_108)
FN:1848,(anonymous_109)
FN:1848,(anonymous_110)
FN:1881,(anonymous_111)
FN:1881,(anonymous_112)
FN:1916,(anonymous_113)
FN:1916,(anonymous_114)
FN:1958,(anonymous_115)
FN:1958,(anonymous_116)
FN:1969,(anonymous_117)
FN:1978,(anonymous_118)
FN:1978,(anonymous_119)
FNF:104
FNH:0
FNDA:0,registerRoutes
FNDA:0,(anonymous_17)
FNDA:0,(anonymous_18)
FNDA:0,(anonymous_19)
FNDA:0,(anonymous_20)
FNDA:0,(anonymous_21)
FNDA:0,(anonymous_22)
FNDA:0,(anonymous_23)
FNDA:0,(anonymous_24)
FNDA:0,(anonymous_25)
FNDA:0,(anonymous_26)
FNDA:0,(anonymous_27)
FNDA:0,(anonymous_28)
FNDA:0,(anonymous_29)
FNDA:0,(anonymous_30)
FNDA:0,(anonymous_31)
FNDA:0,(anonymous_32)
FNDA:0,(anonymous_33)
FNDA:0,(anonymous_34)
FNDA:0,(anonymous_35)
FNDA:0,(anonymous_36)
FNDA:0,(anonymous_37)
FNDA:0,(anonymous_38)
FNDA:0,(anonymous_39)
FNDA:0,(anonymous_40)
FNDA:0,(anonymous_41)
FNDA:0,(anonymous_42)
FNDA:0,(anonymous_43)
FNDA:0,(anonymous_44)
FNDA:0,(anonymous_45)
FNDA:0,(anonymous_46)
FNDA:0,(anonymous_47)
FNDA:0,(anonymous_48)
FNDA:0,(anonymous_49)
FNDA:0,(anonymous_50)
FNDA:0,(anonymous_51)
FNDA:0,(anonymous_52)
FNDA:0,(anonymous_53)
FNDA:0,(anonymous_54)
FNDA:0,(anonymous_55)
FNDA:0,(anonymous_56)
FNDA:0,(anonymous_57)
FNDA:0,(anonymous_58)
FNDA:0,(anonymous_59)
FNDA:0,(anonymous_60)
FNDA:0,(anonymous_61)
FNDA:0,(anonymous_62)
FNDA:0,(anonymous_63)
FNDA:0,(anonymous_64)
FNDA:0,(anonymous_65)
FNDA:0,(anonymous_66)
FNDA:0,(anonymous_67)
FNDA:0,(anonymous_68)
FNDA:0,(anonymous_69)
FNDA:0,(anonymous_70)
FNDA:0,(anonymous_71)
FNDA:0,(anonymous_72)
FNDA:0,(anonymous_73)
FNDA:0,(anonymous_74)
FNDA:0,(anonymous_75)
FNDA:0,(anonymous_76)
FNDA:0,(anonymous_77)
FNDA:0,(anonymous_78)
FNDA:0,(anonymous_79)
FNDA:0,(anonymous_80)
FNDA:0,(anonymous_81)
FNDA:0,(anonymous_82)
FNDA:0,(anonymous_83)
FNDA:0,(anonymous_84)
FNDA:0,(anonymous_85)
FNDA:0,(anonymous_86)
FNDA:0,(anonymous_87)
FNDA:0,(anonymous_88)
FNDA:0,(anonymous_89)
FNDA:0,(anonymous_90)
FNDA:0,(anonymous_91)
FNDA:0,(anonymous_92)
FNDA:0,(anonymous_93)
FNDA:0,(anonymous_94)
FNDA:0,(anonymous_95)
FNDA:0,(anonymous_96)
FNDA:0,(anonymous_97)
FNDA:0,(anonymous_98)
FNDA:0,(anonymous_99)
FNDA:0,(anonymous_100)
FNDA:0,(anonymous_101)
FNDA:0,(anonymous_102)
FNDA:0,(anonymous_103)
FNDA:0,(anonymous_104)
FNDA:0,(anonymous_105)
FNDA:0,(anonymous_106)
FNDA:0,(anonymous_107)
FNDA:0,(anonymous_108)
FNDA:0,(anonymous_109)
FNDA:0,(anonymous_110)
FNDA:0,(anonymous_111)
FNDA:0,(anonymous_112)
FNDA:0,(anonymous_113)
FNDA:0,(anonymous_114)
FNDA:0,(anonymous_115)
FNDA:0,(anonymous_116)
FNDA:0,(anonymous_117)
FNDA:0,(anonymous_118)
FNDA:0,(anonymous_119)
DA:2,0
DA:3,0
DA:4,0
DA:5,0
DA:6,0
DA:7,0
DA:8,0
DA:9,0
DA:12,0
DA:14,0
DA:16,0
DA:21,0
DA:22,0
DA:24,0
DA:25,0
DA:29,0
DA:32,0
DA:34,0
DA:35,0
DA:39,0
DA:41,0
DA:42,0
DA:48,0
DA:49,0
DA:54,0
DA:55,0
DA:57,0
DA:58,0
DA:62,0
DA:63,0
DA:64,0
DA:70,0
DA:71,0
DA:77,0
DA:79,0
DA:80,0
DA:84,0
DA:87,0
DA:89,0
DA:90,0
DA:95,0
DA:96,0
DA:98,0
DA:99,0
DA:102,0
DA:105,0
DA:107,0
DA:109,0
DA:110,0
DA:115,0
DA:116,0
DA:118,0
DA:119,0
DA:122,0
DA:125,0
DA:127,0
DA:129,0
DA:130,0
DA:135,0
DA:136,0
DA:137,0
DA:138,0
DA:141,0
DA:142,0
DA:145,0
DA:146,0
DA:147,0
DA:148,0
DA:151,0
DA:152,0
DA:153,0
DA:160,0
DA:161,0
DA:162,0
DA:170,0
DA:173,0
DA:176,0
DA:178,0
DA:185,0
DA:186,0
DA:187,0
DA:188,0
DA:190,0
DA:191,0
DA:197,0
DA:198,0
DA:199,0
DA:200,0
DA:203,0
DA:204,0
DA:205,0
DA:206,0
DA:209,0
DA:211,0
DA:213,0
DA:214,0
DA:219,0
DA:220,0
DA:221,0
DA:222,0
DA:225,0
DA:227,0
DA:229,0
DA:231,0
DA:233,0
DA:234,0
DA:239,0
DA:240,0
DA:241,0
DA:242,0
DA:245,0
DA:246,0
DA:247,0
DA:248,0
DA:250,0
DA:251,0
DA:253,0
DA:255,0
DA:256,0
DA:261,0
DA:262,0
DA:263,0
DA:264,0
DA:267,0
DA:269,0
DA:270,0
DA:271,0
DA:273,0
DA:275,0
DA:276,0
DA:282,0
DA:283,0
DA:285,0
DA:287,0
DA:290,0
DA:291,0
DA:293,0
DA:294,0
DA:299,0
DA:303,0
DA:306,0
DA:308,0
DA:309,0
DA:314,0
DA:315,0
DA:316,0
DA:317,0
DA:318,0
DA:321,0
DA:322,0
DA:323,0
DA:326,0
DA:328,0
DA:329,0
DA:334,0
DA:335,0
DA:336,0
DA:337,0
DA:338,0
DA:339,0
DA:340,0
DA:342,0
DA:343,0
DA:344,0
DA:347,0
DA:350,0
DA:351,0
DA:352,0
DA:355,0
DA:356,0
DA:357,0
DA:360,0
DA:361,0
DA:362,0
DA:369,0
DA:370,0
DA:371,0
DA:372,0
DA:374,0
DA:375,0
DA:377,0
DA:378,0
DA:379,0
DA:380,0
DA:382,0
DA:383,0
DA:388,0
DA:389,0
DA:390,0
DA:391,0
DA:394,0
DA:395,0
DA:396,0
DA:399,0
DA:402,0
DA:403,0
DA:404,0
DA:408,0
DA:409,0
DA:413,0
DA:414,0
DA:415,0
DA:420,0
DA:421,0
DA:422,0
DA:425,0
DA:426,0
DA:428,0
DA:430,0
DA:431,0
DA:432,0
DA:434,0
DA:435,0
DA:440,0
DA:441,0
DA:442,0
DA:443,0
DA:448,0
DA:449,0
DA:450,0
DA:454,0
DA:455,0
DA:456,0
DA:462,0
DA:465,0
DA:468,0
DA:472,0
DA:475,0
DA:476,0
DA:478,0
DA:479,0
DA:484,0
DA:485,0
DA:486,0
DA:487,0
DA:488,0
DA:489,0
DA:490,0
DA:491,0
DA:493,0
DA:495,0
DA:496,0
DA:497,0
DA:500,0
DA:502,0
DA:503,0
DA:505,0
DA:506,0
DA:507,0
DA:511,0
DA:512,0
DA:513,0
DA:514,0
DA:518,0
DA:519,0
DA:520,0
DA:521,0
DA:524,0
DA:527,0
DA:528,0
DA:531,0
DA:532,0
DA:533,0
DA:536,0
DA:537,0
DA:539,0
DA:540,0
DA:542,0
DA:543,0
DA:549,0
DA:550,0
DA:551,0
DA:552,0
DA:555,0
DA:556,0
DA:558,0
DA:559,0
DA:561,0
DA:562,0
DA:563,0
DA:565,0
DA:566,0
DA:571,0
DA:572,0
DA:573,0
DA:574,0
DA:577,0
DA:578,0
DA:579,0
DA:581,0
DA:582,0
DA:587,0
DA:588,0
DA:589,0
DA:590,0
DA:593,0
DA:594,0
DA:595,0
DA:598,0
DA:599,0
DA:600,0
DA:603,0
DA:604,0
DA:605,0
DA:609,0
DA:610,0
DA:612,0
DA:617,0
DA:618,0
DA:623,0
DA:624,0
DA:625,0
DA:626,0
DA:629,0
DA:630,0
DA:631,0
DA:634,0
DA:635,0
DA:637,0
DA:638,0
DA:643,0
DA:644,0
DA:645,0
DA:648,0
DA:649,0
DA:650,0
DA:654,0
DA:659,0
DA:660,0
DA:665,0
DA:667,0
DA:672,0
DA:673,0
DA:678,0
DA:679,0
DA:680,0
DA:681,0
DA:682,0
DA:683,0
DA:685,0
DA:686,0
DA:687,0
DA:688,0
DA:691,0
DA:692,0
DA:695,0
DA:696,0
DA:697,0
DA:698,0
DA:701,0
DA:704,0
DA:705,0
DA:710,0
DA:711,0
DA:716,0
DA:719,0
DA:720,0
DA:721,0
DA:722,0
DA:723,0
DA:727,0
DA:728,0
DA:731,0
DA:732,0
DA:735,0
DA:736,0
DA:738,0
DA:744,0
DA:745,0
DA:746,0
DA:748,0
DA:749,0
DA:750,0
DA:751,0
DA:752,0
DA:754,0
DA:757,0
DA:758,0
DA:759,0
DA:760,0
DA:761,0
DA:766,0
DA:767,0
DA:768,0
DA:769,0
DA:771,0
DA:772,0
DA:773,0
DA:774,0
DA:778,0
DA:779,0
DA:782,0
DA:785,0
DA:788,0
DA:789,0
DA:790,0
DA:792,0
DA:793,0
DA:794,0
DA:797,0
DA:805,0
DA:807,0
DA:808,0
DA:813,0
DA:814,0
DA:815,0
DA:816,0
DA:817,0
DA:818,0
DA:819,0
DA:820,0
DA:821,0
DA:823,0
DA:824,0
DA:825,0
DA:826,0
DA:829,0
DA:830,0
DA:831,0
DA:832,0
DA:835,0
DA:836,0
DA:837,0
DA:838,0
DA:840,0
DA:841,0
DA:845,0
DA:846,0
DA:847,0
DA:851,0
DA:852,0
DA:853,0
DA:854,0
DA:858,0
DA:859,0
DA:863,0
DA:864,0
DA:865,0
DA:868,0
DA:869,0
DA:870,0
DA:874,0
DA:875,0
DA:877,0
DA:879,0
DA:880,0
DA:881,0
DA:882,0
DA:884,0
DA:885,0
DA:890,0
DA:891,0
DA:892,0
DA:893,0
DA:894,0
DA:896,0
DA:897,0
DA:901,0
DA:907,0
DA:909,0
DA:910,0
DA:915,0
DA:916,0
DA:917,0
DA:918,0
DA:919,0
DA:920,0
DA:923,0
DA:924,0
DA:925,0
DA:928,0
DA:930,0
DA:931,0
DA:933,0
DA:934,0
DA:935,0
DA:939,0
DA:940,0
DA:941,0
DA:942,0
DA:946,0
DA:947,0
DA:948,0
DA:955,0
DA:956,0
DA:957,0
DA:958,0
DA:961,0
DA:964,0
DA:965,0
DA:968,0
DA:969,0
DA:970,0
DA:973,0
DA:974,0
DA:976,0
DA:977,0
DA:979,0
DA:980,0
DA:985,0
DA:986,0
DA:987,0
DA:988,0
DA:989,0
DA:990,0
DA:993,0
DA:994,0
DA:995,0
DA:998,0
DA:999,0
DA:1000,0
DA:1001,0
DA:1003,0
DA:1005,0
DA:1006,0
DA:1007,0
DA:1011,0
DA:1012,0
DA:1013,0
DA:1014,0
DA:1018,0
DA:1019,0
DA:1020,0
DA:1021,0
DA:1024,0
DA:1025,0
DA:1026,0
DA:1030,0
DA:1031,0
DA:1032,0
DA:1039,0
DA:1040,0
DA:1041,0
DA:1042,0
DA:1046,0
DA:1047,0
DA:1048,0
DA:1051,0
DA:1054,0
DA:1055,0
DA:1058,0
DA:1059,0
DA:1060,0
DA:1063,0
DA:1064,0
DA:1066,0
DA:1067,0
DA:1069,0
DA:1070,0
DA:1075,0
DA:1076,0
DA:1077,0
DA:1080,0
DA:1081,0
DA:1082,0
DA:1086,0
DA:1087,0
DA:1091,0
DA:1092,0
DA:1096,0
DA:1098,0
DA:1106,0
DA:1107,0
DA:1112,0
DA:1113,0
DA:1114,0
DA:1115,0
DA:1116,0
DA:1117,0
DA:1120,0
DA:1121,0
DA:1122,0
DA:1125,0
DA:1126,0
DA:1127,0
DA:1129,0
DA:1130,0
DA:1134,0
DA:1135,0
DA:1136,0
DA:1140,0
DA:1141,0
DA:1145,0
DA:1146,0
DA:1150,0
DA:1151,0
DA:1152,0
DA:1155,0
DA:1158,0
DA:1159,0
DA:1160,0
DA:1167,0
DA:1168,0
DA:1169,0
DA:1173,0
DA:1174,0
DA:1178,0
DA:1181,0
DA:1182,0
DA:1185,0
DA:1186,0
DA:1188,0
DA:1190,0
DA:1191,0
DA:1198,0
DA:1199,0
DA:1200,0
DA:1201,0
DA:1204,0
DA:1205,0
DA:1207,0
DA:1208,0
DA:1212,0
DA:1213,0
DA:1217,0
DA:1219,0
DA:1220,0
DA:1224,0
DA:1225,0
DA:1227,0
DA:1228,0
DA:1233,0
DA:1234,0
DA:1235,0
DA:1236,0
DA:1240,0
DA:1241,0
DA:1243,0
DA:1244,0
DA:1246,0
DA:1247,0
DA:1251,0
DA:1252,0
DA:1253,0
DA:1260,0
DA:1263,0
DA:1269,0
DA:1276,0
DA:1277,0
DA:1278,0
DA:1280,0
DA:1281,0
DA:1287,0
DA:1288,0
DA:1293,0
DA:1294,0
DA:1299,0
DA:1300,0
DA:1302,0
DA:1303,0
DA:1307,0
DA:1308,0
DA:1318,0
DA:1320,0
DA:1321,0
DA:1325,0
DA:1355,0
DA:1360,0
DA:1361,0
DA:1362,0
DA:1363,0
DA:1365,0
DA:1370,0
DA:1371,0
DA:1372,0
DA:1373,0
DA:1376,0
DA:1377,0
DA:1379,0
DA:1380,0
DA:1383,0
DA:1384,0
DA:1387,0
DA:1388,0
DA:1392,0
DA:1395,0
DA:1402,0
DA:1403,0
DA:1406,0
DA:1411,0
DA:1412,0
DA:1417,0
DA:1419,0
DA:1420,0
DA:1421,0
DA:1422,0
DA:1425,0
DA:1426,0
DA:1427,0
DA:1430,0
DA:1432,0
DA:1434,0
DA:1435,0
DA:1436,0
DA:1438,0
DA:1441,0
DA:1449,0
DA:1450,0
DA:1456,0
DA:1457,0
DA:1462,0
DA:1463,0
DA:1470,0
DA:1472,0
DA:1473,0
DA:1478,0
DA:1479,0
DA:1480,0
DA:1481,0
DA:1484,0
DA:1485,0
DA:1487,0
DA:1488,0
DA:1491,0
DA:1492,0
DA:1495,0
DA:1502,0
DA:1503,0
DA:1509,0
DA:1510,0
DA:1515,0
DA:1516,0
DA:1517,0
DA:1519,0
DA:1520,0
DA:1524,0
DA:1527,0
DA:1528,0
DA:1529,0
DA:1531,0
DA:1534,0
DA:1542,0
DA:1546,0
DA:1550,0
DA:1557,0
DA:1561,0
DA:1565,0
DA:1569,0
DA:1573,0
DA:1576,0
DA:1577,0
DA:1582,0
DA:1583,0
DA:1612,0
DA:1613,0
DA:1617,0
DA:1618,0
DA:1620,0
DA:1621,0
DA:1624,0
DA:1626,0
DA:1627,0
DA:1630,0
DA:1631,0
DA:1634,0
DA:1635,0
DA:1636,0
DA:1637,0
DA:1641,0
DA:1644,0
DA:1647,0
DA:1655,0
DA:1656,0
DA:1660,0
DA:1661,0
DA:1664,0
DA:1665,0
DA:1666,0
DA:1667,0
DA:1671,0
DA:1678,0
DA:1679,0
DA:1683,0
DA:1684,0
DA:1687,0
DA:1688,0
DA:1689,0
DA:1690,0
DA:1693,0
DA:1694,0
DA:1698,0
DA:1699,0
DA:1702,0
DA:1703,0
DA:1704,0
DA:1705,0
DA:1708,0
DA:1710,0
DA:1714,0
DA:1715,0
DA:1718,0
DA:1719,0
DA:1720,0
DA:1721,0
DA:1724,0
DA:1725,0
DA:1729,0
DA:1732,0
DA:1734,0
DA:1735,0
DA:1740,0
DA:1741,0
DA:1742,0
DA:1743,0
DA:1746,0
DA:1747,0
DA:1749,0
DA:1750,0
DA:1753,0
DA:1754,0
DA:1756,0
DA:1757,0
DA:1761,0
DA:1762,0
DA:1763,0
DA:1764,0
DA:1767,0
DA:1768,0
DA:1770,0
DA:1771,0
DA:1775,0
DA:1776,0
DA:1782,0
DA:1783,0
DA:1787,0
DA:1788,0
DA:1789,0
DA:1792,0
DA:1793,0
DA:1795,0
DA:1797,0
DA:1798,0
DA:1799,0
DA:1800,0
DA:1802,0
DA:1806,0
DA:1807,0
DA:1808,0
DA:1809,0
DA:1812,0
DA:1813,0
DA:1815,0
DA:1816,0
DA:1819,0
DA:1820,0
DA:1821,0
DA:1825,0
DA:1826,0
DA:1827,0
DA:1830,0
DA:1831,0
DA:1833,0
DA:1834,0
DA:1837,0
DA:1839,0
DA:1840,0
DA:1841,0
DA:1842,0
DA:1844,0
DA:1848,0
DA:1849,0
DA:1850,0
DA:1851,0
DA:1854,0
DA:1855,0
DA:1857,0
DA:1858,0
DA:1861,0
DA:1862,0
DA:1863,0
DA:1867,0
DA:1868,0
DA:1869,0
DA:1872,0
DA:1873,0
DA:1875,0
DA:1876,0
DA:1881,0
DA:1882,0
DA:1883,0
DA:1884,0
DA:1887,0
DA:1888,0
DA:1890,0
DA:1891,0
DA:1894,0
DA:1895,0
DA:1896,0
DA:1897,0
DA:1899,0
DA:1901,0
DA:1911,0
DA:1912,0
DA:1916,0
DA:1917,0
DA:1918,0
DA:1919,0
DA:1922,0
DA:1923,0
DA:1925,0
DA:1926,0
DA:1929,0
DA:1930,0
DA:1931,0
DA:1934,0
DA:1935,0
DA:1936,0
DA:1939,0
DA:1941,0
DA:1942,0
DA:1946,0
DA:1947,0
DA:1950,0
DA:1952,0
DA:1953,0
DA:1958,0
DA:1959,0
DA:1960,0
DA:1961,0
DA:1963,0
DA:1964,0
DA:1967,0
DA:1969,0
DA:1971,0
DA:1973,0
DA:1974,0
DA:1978,0
DA:1979,0
DA:1980,0
DA:1981,0
DA:1984,0
DA:1985,0
DA:1987,0
DA:1988,0
DA:1989,0
DA:1992,0
DA:1993,0
DA:1994,0
DA:1997,0
DA:1998,0
DA:1999,0
DA:2003,0
DA:2004,0
DA:2008,0
DA:2009,0
DA:2010,0
DA:2011,0
DA:2017,0
DA:2020,0
DA:2022,0
DA:2024,0
DA:2025,0
DA:2029,0
DA:2030,0
LF:954
LH:0
BRDA:24,0,0,0
BRDA:24,0,1,0
BRDA:34,1,0,0
BRDA:34,1,1,0
BRDA:41,2,0,0
BRDA:41,2,1,0
BRDA:57,3,0,0
BRDA:57,3,1,0
BRDA:63,4,0,0
BRDA:63,4,1,0
BRDA:70,5,0,0
BRDA:70,5,1,0
BRDA:79,6,0,0
BRDA:79,6,1,0
BRDA:98,7,0,0
BRDA:98,7,1,0
BRDA:118,8,0,0
BRDA:118,8,1,0
BRDA:137,9,0,0
BRDA:137,9,1,0
BRDA:151,10,0,0
BRDA:151,10,1,0
BRDA:161,11,0,0
BRDA:161,11,1,0
BRDA:185,12,0,0
BRDA:185,12,1,0
BRDA:199,13,0,0
BRDA:199,13,1,0
BRDA:205,14,0,0
BRDA:205,14,1,0
BRDA:221,15,0,0
BRDA:221,15,1,0
BRDA:241,16,0,0
BRDA:241,16,1,0
BRDA:247,17,0,0
BRDA:247,17,1,0
BRDA:250,18,0,0
BRDA:250,18,1,0
BRDA:263,19,0,0
BRDA:263,19,1,0
BRDA:270,20,0,0
BRDA:270,20,1,0
BRDA:290,21,0,0
BRDA:290,21,1,0
BRDA:291,22,0,0
BRDA:291,22,1,0
BRDA:294,23,0,0
BRDA:294,23,1,0
BRDA:317,24,0,0
BRDA:317,24,1,0
BRDA:322,25,0,0
BRDA:322,25,1,0
BRDA:342,26,0,0
BRDA:342,26,1,0
BRDA:350,27,0,0
BRDA:350,27,1,0
BRDA:361,28,0,0
BRDA:361,28,1,0
BRDA:377,29,0,0
BRDA:377,29,1,0
BRDA:390,30,0,0
BRDA:390,30,1,0
BRDA:395,31,0,0
BRDA:395,31,1,0
BRDA:403,32,0,0
BRDA:403,32,1,0
BRDA:408,33,0,0
BRDA:408,33,1,0
BRDA:414,34,0,0
BRDA:414,34,1,0
BRDA:421,35,0,0
BRDA:421,35,1,0
BRDA:430,36,0,0
BRDA:430,36,1,0
BRDA:442,37,0,0
BRDA:442,37,1,0
BRDA:449,38,0,0
BRDA:449,38,1,0
BRDA:455,39,0,0
BRDA:455,39,1,0
BRDA:462,40,0,0
BRDA:462,40,1,0
BRDA:465,41,0,0
BRDA:465,41,1,0
BRDA:495,42,0,0
BRDA:495,42,1,0
BRDA:505,43,0,0
BRDA:505,43,1,0
BRDA:512,44,0,0
BRDA:512,44,1,0
BRDA:519,45,0,0
BRDA:519,45,1,0
BRDA:551,46,0,0
BRDA:551,46,1,0
BRDA:561,47,0,0
BRDA:561,47,1,0
BRDA:573,48,0,0
BRDA:573,48,1,0
BRDA:589,49,0,0
BRDA:589,49,1,0
BRDA:594,50,0,0
BRDA:594,50,1,0
BRDA:599,51,0,0
BRDA:599,51,1,0
BRDA:604,52,0,0
BRDA:604,52,1,0
BRDA:609,53,0,0
BRDA:609,53,1,0
BRDA:625,54,0,0
BRDA:625,54,1,0
BRDA:630,55,0,0
BRDA:630,55,1,0
BRDA:649,56,0,0
BRDA:649,56,1,0
BRDA:660,57,0,0
BRDA:660,57,1,0
BRDA:686,58,0,0
BRDA:686,58,1,0
BRDA:696,59,0,0
BRDA:696,59,1,0
BRDA:721,60,0,0
BRDA:721,60,1,0
BRDA:749,61,0,0
BRDA:749,61,1,0
BRDA:758,62,0,0
BRDA:758,62,1,0
BRDA:772,63,0,0
BRDA:772,63,1,0
BRDA:778,64,0,0
BRDA:778,64,1,0
BRDA:792,65,0,0
BRDA:792,65,1,0
BRDA:794,66,0,0
BRDA:794,66,1,0
BRDA:824,67,0,0
BRDA:824,67,1,0
BRDA:836,68,0,0
BRDA:836,68,1,0
BRDA:840,69,0,0
BRDA:840,69,1,0
BRDA:846,70,0,0
BRDA:846,70,1,0
BRDA:852,71,0,0
BRDA:852,71,1,0
BRDA:858,72,0,0
BRDA:858,72,1,0
BRDA:868,73,0,0
BRDA:868,73,1,0
BRDA:879,74,0,0
BRDA:879,74,1,0
BRDA:893,75,0,0
BRDA:893,75,1,0
BRDA:894,76,0,0
BRDA:894,76,1,0
BRDA:896,77,0,0
BRDA:896,77,1,0
BRDA:896,78,0,0
BRDA:896,78,1,0
BRDA:923,79,0,0
BRDA:923,79,1,0
BRDA:933,80,0,0
BRDA:933,80,1,0
BRDA:940,81,0,0
BRDA:940,81,1,0
BRDA:946,82,0,0
BRDA:946,82,1,0
BRDA:956,83,0,0
BRDA:956,83,1,0
BRDA:993,84,0,0
BRDA:993,84,1,0
BRDA:1005,85,0,0
BRDA:1005,85,1,0
BRDA:1012,86,0,0
BRDA:1012,86,1,0
BRDA:1019,87,0,0
BRDA:1019,87,1,0
BRDA:1024,88,0,0
BRDA:1024,88,1,0
BRDA:1030,89,0,0
BRDA:1030,89,1,0
BRDA:1040,90,0,0
BRDA:1040,90,1,0
BRDA:1046,91,0,0
BRDA:1046,91,1,0
BRDA:1081,92,0,0
BRDA:1081,92,1,0
BRDA:1086,93,0,0
BRDA:1086,93,1,0
BRDA:1091,94,0,0
BRDA:1091,94,1,0
BRDA:1091,95,0,0
BRDA:1091,95,1,0
BRDA:1102,96,0,0
BRDA:1102,96,1,0
BRDA:1102,97,0,0
BRDA:1102,97,1,0
BRDA:1120,98,0,0
BRDA:1120,98,1,0
BRDA:1129,99,0,0
BRDA:1129,99,1,0
BRDA:1135,100,0,0
BRDA:1135,100,1,0
BRDA:1140,101,0,0
BRDA:1140,101,1,0
BRDA:1145,102,0,0
BRDA:1145,102,1,0
BRDA:1145,103,0,0
BRDA:1145,103,1,0
BRDA:1151,104,0,0
BRDA:1151,104,1,0
BRDA:1158,105,0,0
BRDA:1158,105,1,0
BRDA:1168,106,0,0
BRDA:1168,106,1,0
BRDA:1173,107,0,0
BRDA:1173,107,1,0
BRDA:1200,108,0,0
BRDA:1200,108,1,0
BRDA:1207,109,0,0
BRDA:1207,109,1,0
BRDA:1212,110,0,0
BRDA:1212,110,1,0
BRDA:1219,111,0,0
BRDA:1219,111,1,0
BRDA:1235,112,0,0
BRDA:1235,112,1,0
BRDA:1246,113,0,0
BRDA:1246,113,1,0
BRDA:1252,114,0,0
BRDA:1252,114,1,0
BRDA:1280,115,0,0
BRDA:1280,115,1,0
BRDA:1299,116,0,0
BRDA:1299,116,1,0
BRDA:1300,117,0,0
BRDA:1300,117,1,0
BRDA:1303,118,0,0
BRDA:1303,118,1,0
BRDA:1304,119,0,0
BRDA:1304,119,1,0
BRDA:1304,120,0,0
BRDA:1304,120,1,0
BRDA:1307,121,0,0
BRDA:1307,121,1,0
BRDA:1341,122,0,0
BRDA:1341,122,1,0
BRDA:1361,123,0,0
BRDA:1361,123,1,0
BRDA:1372,124,0,0
BRDA:1372,124,1,0
BRDA:1379,125,0,0
BRDA:1379,125,1,0
BRDA:1383,126,0,0
BRDA:1383,126,1,0
BRDA:1387,127,0,0
BRDA:1387,127,1,0
BRDA:1402,128,0,0
BRDA:1402,128,1,0
BRDA:1417,129,0,0
BRDA:1417,129,1,0
BRDA:1421,130,0,0
BRDA:1421,130,1,0
BRDA:1426,131,0,0
BRDA:1426,131,1,0
BRDA:1426,132,0,0
BRDA:1426,132,1,0
BRDA:1432,133,0,0
BRDA:1432,133,1,0
BRDA:1435,134,0,0
BRDA:1435,134,1,0
BRDA:1456,135,0,0
BRDA:1456,135,1,0
BRDA:1462,136,0,0
BRDA:1462,136,1,0
BRDA:1480,137,0,0
BRDA:1480,137,1,0
BRDA:1487,138,0,0
BRDA:1487,138,1,0
BRDA:1491,139,0,0
BRDA:1491,139,1,0
BRDA:1519,140,0,0
BRDA:1519,140,1,0
BRDA:1519,141,0,0
BRDA:1519,141,1,0
BRDA:1524,142,0,0
BRDA:1524,142,1,0
BRDA:1524,142,2,0
BRDA:1524,142,3,0
BRDA:1524,142,4,0
BRDA:1528,143,0,0
BRDA:1528,143,1,0
BRDA:1536,144,0,0
BRDA:1536,144,1,0
BRDA:1627,145,0,0
BRDA:1627,145,1,0
BRDA:1627,145,2,0
BRDA:1627,145,3,0
BRDA:1627,145,4,0
BRDA:1627,145,5,0
BRDA:1627,145,6,0
BRDA:1635,146,0,0
BRDA:1635,146,1,0
BRDA:1641,147,0,0
BRDA:1641,147,1,0
BRDA:1641,148,0,0
BRDA:1641,148,1,0
BRDA:1641,149,0,0
BRDA:1641,149,1,0
BRDA:1665,150,0,0
BRDA:1665,150,1,0
BRDA:1688,151,0,0
BRDA:1688,151,1,0
BRDA:1703,152,0,0
BRDA:1703,152,1,0
BRDA:1719,153,0,0
BRDA:1719,153,1,0
BRDA:1742,154,0,0
BRDA:1742,154,1,0
BRDA:1749,155,0,0
BRDA:1749,155,1,0
BRDA:1749,156,0,0
BRDA:1749,156,1,0
BRDA:1763,157,0,0
BRDA:1763,157,1,0
BRDA:1770,158,0,0
BRDA:1770,158,1,0
BRDA:1770,159,0,0
BRDA:1770,159,1,0
BRDA:1782,160,0,0
BRDA:1782,160,1,0
BRDA:1788,161,0,0
BRDA:1788,161,1,0
BRDA:1798,162,0,0
BRDA:1798,162,1,0
BRDA:1808,163,0,0
BRDA:1808,163,1,0
BRDA:1815,164,0,0
BRDA:1815,164,1,0
BRDA:1815,165,0,0
BRDA:1815,165,1,0
BRDA:1820,166,0,0
BRDA:1820,166,1,0
BRDA:1826,167,0,0
BRDA:1826,167,1,0
BRDA:1826,168,0,0
BRDA:1826,168,1,0
BRDA:1833,169,0,0
BRDA:1833,169,1,0
BRDA:1840,170,0,0
BRDA:1840,170,1,0
BRDA:1850,171,0,0
BRDA:1850,171,1,0
BRDA:1857,172,0,0
BRDA:1857,172,1,0
BRDA:1857,173,0,0
BRDA:1857,173,1,0
BRDA:1862,174,0,0
BRDA:1862,174,1,0
BRDA:1868,175,0,0
BRDA:1868,175,1,0
BRDA:1868,176,0,0
BRDA:1868,176,1,0
BRDA:1883,177,0,0
BRDA:1883,177,1,0
BRDA:1890,178,0,0
BRDA:1890,178,1,0
BRDA:1890,179,0,0
BRDA:1890,179,1,0
BRDA:1894,180,0,0
BRDA:1894,180,1,0
BRDA:1918,181,0,0
BRDA:1918,181,1,0
BRDA:1925,182,0,0
BRDA:1925,182,1,0
BRDA:1925,183,0,0
BRDA:1925,183,1,0
BRDA:1930,184,0,0
BRDA:1930,184,1,0
BRDA:1935,185,0,0
BRDA:1935,185,1,0
BRDA:1941,186,0,0
BRDA:1941,186,1,0
BRDA:1946,187,0,0
BRDA:1946,187,1,0
BRDA:1963,188,0,0
BRDA:1963,188,1,0
BRDA:1963,189,0,0
BRDA:1963,189,1,0
BRDA:1969,190,0,0
BRDA:1969,190,1,0
BRDA:1980,191,0,0
BRDA:1980,191,1,0
BRDA:1988,192,0,0
BRDA:1988,192,1,0
BRDA:1988,193,0,0
BRDA:1988,193,1,0
BRDA:1993,194,0,0
BRDA:1993,194,1,0
BRDA:1998,195,0,0
BRDA:1998,195,1,0
BRDA:1998,196,0,0
BRDA:1998,196,1,0
BRDA:2003,197,0,0
BRDA:2003,197,1,0
BRDA:2003,198,0,0
BRDA:2003,198,1,0
BRDA:2003,198,2,0
BRDA:2010,199,0,0
BRDA:2010,199,1,0
BRF:409
BRH:0
end_of_record
TN:
SF:server/stripe-test-helpers.ts
FN:17,simulateSuccessfulPayment
FN:43,simulateSubscriptionCancellation
FN:57,generateTestUrls
FN:68,isTestMode
FN:75,simulateWebhookEvent
FN:101,createTestEventData
FNF:6
FNH:0
FNDA:0,simulateSuccessfulPayment
FNDA:0,simulateSubscriptionCancellation
FNDA:0,generateTestUrls
FNDA:0,isTestMode
FNDA:0,simulateWebhookEvent
FNDA:0,createTestEventData
DA:2,0
DA:17,0
DA:18,0
DA:21,0
DA:22,0
DA:23,0
DA:25,0
DA:29,0
DA:37,0
DA:43,0
DA:44,0
DA:51,0
DA:57,0
DA:58,0
DA:68,0
DA:69,0
DA:75,0
DA:76,0
DA:78,0
DA:95,0
DA:101,0
DA:102,0
DA:103,0
DA:104,0
DA:106,0
LF:25
LH:0
BRDA:22,0,0,0
BRDA:22,0,1,0
BRDA:69,1,0,0
BRDA:69,1,1,0
BRDA:104,2,0,0
BRDA:104,2,1,0
BRDA:124,3,0,0
BRDA:124,3,1,0
BRF:8
BRH:0
end_of_record
TN:
SF:server/services/emailService.ts
FN:6,(anonymous_7)
FN:12,(anonymous_8)
FN:12,(anonymous_9)
FNF:3
FNH:0
FNDA:0,(anonymous_7)
FNDA:0,(anonymous_8)
FNDA:0,(anonymous_9)
DA:1,0
DA:3,0
DA:4,0
DA:7,0
DA:8,0
DA:12,0
DA:13,0
DA:14,0
DA:15,0
DA:17,0
DA:18,0
DA:19,0
DA:20,0
DA:21,0
DA:24,0
DA:25,0
DA:26,0
DA:27,0
DA:28,0
DA:29,0
DA:31,0
DA:33,0
DA:35,0
DA:40,0
DA:67,0
DA:68,0
DA:69,0
DA:71,0
DA:72,0
DA:73,0
DA:79,0
DA:80,0
DA:82,0
DA:88,0
DA:93,0
LF:35
LH:0
BRDA:7,0,0,0
BRDA:7,0,1,0
BRDA:12,1,0,0
BRDA:13,2,0,0
BRDA:13,2,1,0
BRDA:18,3,0,0
BRDA:18,3,1,0
BRDA:24,4,0,0
BRDA:24,4,1,0
BRDA:25,5,0,0
BRDA:25,5,1,0
BRDA:26,6,0,0
BRDA:26,6,1,0
BRDA:28,7,0,0
BRDA:28,7,1,0
BRDA:67,8,0,0
BRDA:67,8,1,0
BRF:17
BRH:0
end_of_record
TN:
SF:server/services/tokenService.ts
FN:7,(anonymous_7)
FN:11,(anonymous_8)
FN:11,(anonymous_9)
FN:21,(anonymous_10)
FN:48,(anonymous_12)
FN:53,(anonymous_14)
FN:65,(anonymous_16)
FN:65,(anonymous_17)
FNF:8
FNH:0
FNDA:0,(anonymous_7)
FNDA:0,(anonymous_8)
FNDA:0,(anonymous_9)
FNDA:0,(anonymous_10)
FNDA:0,(anonymous_12)
FNDA:0,(anonymous_14)
FNDA:0,(anonymous_16)
FNDA:0,(anonymous_17)
DA:1,0
DA:2,0
DA:3,0
DA:4,0
DA:6,0
DA:8,0
DA:11,0
DA:12,0
DA:14,0
DA:22,0
DA:23,0
DA:29,0
DA:30,0
DA:33,0
DA:35,0
DA:37,0
DA:38,0
DA:41,0
DA:43,0
DA:44,0
DA:49,0
DA:54,0
DA:55,0
DA:57,0
DA:62,0
DA:65,0
DA:66,0
LF:27
LH:0
BRDA:11,0,0,0
BRDA:29,1,0,0
BRDA:29,1,1,0
BRDA:35,2,0,0
BRDA:35,2,1,0
BRF:5
BRH:0
end_of_record
TN:
SF:shared/premium-utils.ts
FN:13,hasActivePremiumAccess
FN:51,getTrialDaysRemaining
FN:67,isTrialExpired
FN:78,isPremiumExpired
FN:89,getPremiumAccessStatus
FNF:5
FNH:0
FNDA:0,hasActivePremiumAccess
FNDA:0,getTrialDaysRemaining
FNDA:0,isTrialExpired
FNDA:0,isPremiumExpired
FNDA:0,getPremiumAccessStatus
DA:13,0
DA:14,0
DA:16,0
DA:19,0
DA:21,0
DA:24,0
DA:28,0
DA:30,0
DA:33,0
DA:37,0
DA:38,0
DA:41,0
DA:45,0
DA:51,0
DA:52,0
DA:53,0
DA:56,0
DA:57,0
DA:58,0
DA:59,0
DA:61,0
DA:67,0
DA:68,0
DA:69,0
DA:72,0
DA:78,0
DA:79,0
DA:80,0
DA:83,0
DA:89,0
DA:94,0
DA:95,0
DA:98,0
DA:101,0
DA:102,0
DA:103,0
DA:105,0
DA:110,0
DA:111,0
DA:112,0
DA:114,0
DA:119,0
DA:120,0
DA:121,0
DA:122,0
DA:124,0
DA:128,0
LF:47
LH:0
BRDA:14,0,0,0
BRDA:14,0,1,0
BRDA:19,1,0,0
BRDA:19,1,1,0
BRDA:21,2,0,0
BRDA:21,2,1,0
BRDA:28,3,0,0
BRDA:28,3,1,0
BRDA:30,4,0,0
BRDA:30,4,1,0
BRDA:37,5,0,0
BRDA:37,5,1,0
BRDA:38,6,0,0
BRDA:38,6,1,0
BRDA:52,7,0,0
BRDA:52,7,1,0
BRDA:52,8,0,0
BRDA:52,8,1,0
BRDA:52,9,0,0
BRDA:52,9,1,0
BRDA:52,10,0,0
BRDA:52,10,1,0
BRDA:68,11,0,0
BRDA:68,11,1,0
BRDA:68,12,0,0
BRDA:68,12,1,0
BRDA:68,13,0,0
BRDA:68,13,1,0
BRDA:68,14,0,0
BRDA:68,14,1,0
BRDA:79,15,0,0
BRDA:79,15,1,0
BRDA:79,16,0,0
BRDA:79,16,1,0
BRDA:79,16,2,0
BRDA:94,17,0,0
BRDA:94,17,1,0
BRDA:101,18,0,0
BRDA:101,18,1,0
BRDA:102,19,0,0
BRDA:102,19,1,0
BRDA:102,20,0,0
BRDA:102,20,1,0
BRDA:110,21,0,0
BRDA:110,21,1,0
BRDA:111,22,0,0
BRDA:111,22,1,0
BRDA:111,23,0,0
BRDA:111,23,1,0
BRDA:119,24,0,0
BRDA:119,24,1,0
BRDA:120,25,0,0
BRDA:120,25,1,0
BRDA:120,26,0,0
BRDA:120,26,1,0
BRF:55
BRH:0
end_of_record
TN:
SF:shared/schema.ts
FN:39,(anonymous_0)
FN:44,(anonymous_1)
FN:50,(anonymous_2)
FN:51,(anonymous_3)
FN:69,(anonymous_4)
FN:78,(anonymous_5)
FN:79,(anonymous_6)
FN:90,(anonymous_7)
FN:91,(anonymous_8)
FN:102,(anonymous_9)
FN:116,(anonymous_10)
FN:117,(anonymous_11)
FN:118,(anonymous_12)
FN:228,(anonymous_13)
FNF:14
FNH:1
FNDA:0,(anonymous_0)
FNDA:0,(anonymous_1)
FNDA:0,(anonymous_2)
FNDA:0,(anonymous_3)
FNDA:0,(anonymous_4)
FNDA:0,(anonymous_5)
FNDA:0,(anonymous_6)
FNDA:0,(anonymous_7)
FNDA:0,(anonymous_8)
FNDA:0,(anonymous_9)
FNDA:0,(anonymous_10)
FNDA:0,(anonymous_11)
FNDA:0,(anonymous_12)
FNDA:2,(anonymous_13)
DA:1,1
DA:2,1
DA:3,1
DA:5,1
DA:33,1
DA:39,0
DA:44,0
DA:48,1
DA:50,0
DA:51,0
DA:57,1
DA:66,1
DA:69,0
DA:76,1
DA:78,0
DA:79,0
DA:88,1
DA:90,0
DA:91,0
DA:100,1
DA:102,0
DA:114,1
DA:116,0
DA:117,0
DA:118,0
DA:126,1
DA:146,1
DA:172,1
DA:178,1
DA:184,1
DA:186,1
DA:205,1
DA:211,1
DA:217,1
DA:228,2
DA:231,1
DA:242,1
DA:258,1
DA:264,1
DA:276,1
DA:309,1
DA:316,1
DA:324,1
DA:342,1
DA:354,1
DA:358,1
DA:372,1
DA:376,1
LF:48
LH:35
BRDA:228,0,0,1
BRDA:228,0,1,1
BRF:2
BRH:2
end_of_record
